2019-03-27 12:44:07 CQHandler.py[line:38] INFO __init__
2019-03-27 12:44:07 Jx3Handler.py[line:293] INFO Jx3Handler __init__
2019-03-27 12:44:07 Jx3Handler.py[line:318] INFO loading complete
2019-03-27 12:44:07 Jx3Handler.py[line:293] INFO Jx3Handler __init__
2019-03-27 12:44:07 Jx3Handler.py[line:318] INFO loading complete
2019-03-27 12:44:07 CQHandler.py[line:50] INFO [731631992, 168299066]
2019-03-27 12:44:10 CQHandler.py[line:87] INFO OnEvent_GroupMsg: subType=1, sendTime=6332, fromGroup=168299066, fromQQ=372397177, fromAnonymous=, msg=打劫[CQ:at,qq=137811905] , font=6513576
2019-03-27 12:44:10 Jx3Handler.py[line:787] INFO success_chance: 0.486555853732 + 0.3 * 0.485714285714 + 0.2 * 0.3
2019-03-27 12:44:10 Jx3Handler.py[line:790] INFO chance: 0.914401069732, success_chance: 0.673698710875
2019-03-27 12:44:10 Jx3Handler.py[line:862] INFO 372397177 rob 137811905 weiwang: 237 money: 180
2019-03-27 12:44:10 Jx3Handler.py[line:1567] INFO {'372397177': 'fu_yao_jiu_tian'}
2019-03-27 12:44:10 Jx3Handler.py[line:1599] INFO No qiyu qq: 372397177 chance: 0.531111746254 > 0.01
2019-03-27 12:44:14 C:\Users\yuboz\Desktop\酷Q Air\app\com.github.zybwh.qq_chat_jx3_bot\CQHandler.py[line:87] INFO OnEvent_GroupMsg: subType=1, sendTime=6334, fromGroup=168299066, fromQQ=372397177, fromAnonymous=, msg=购买磨石, font=6513448
2019-03-27 12:44:14 Jx3Handler.py[line:1567] INFO {'372397177': 'fu_yao_jiu_tian'}
2019-03-27 12:44:14 Jx3Handler.py[line:1599] INFO No qiyu qq: 372397177 chance: 0.894182159517 > 0.01
2019-03-27 12:44:18 C:\Users\yuboz\Desktop\酷Q Air\app\com.github.zybwh.qq_chat_jx3_bot\CQHandler.py[line:87] INFO OnEvent_GroupMsg: subType=1, sendTime=6336, fromGroup=168299066, fromQQ=372397177, fromAnonymous=, msg=购买印, font=6513864
2019-03-27 12:44:18 Jx3Handler.py[line:1567] INFO {'372397177': 'fu_yao_jiu_tian'}
2019-03-27 12:44:18 Jx3Handler.py[line:1599] INFO No qiyu qq: 372397177 chance: 0.0649410791997 > 0.01
2019-03-27 12:44:23 C:\Users\yuboz\Desktop\酷Q Air\app\com.github.zybwh.qq_chat_jx3_bot\CQHandler.py[line:87] INFO OnEvent_GroupMsg: subType=1, sendTime=6338, fromGroup=168299066, fromQQ=372397177, fromAnonymous=, msg=查看, font=6513576
2019-03-27 12:44:24 Jx3Handler.py[line:1567] INFO {'372397177': 'fu_yao_jiu_tian'}
2019-03-27 12:44:24 Jx3Handler.py[line:1599] INFO No qiyu qq: 372397177 chance: 0.522950951428 > 0.01
2019-03-27 12:44:34 C:\Users\yuboz\Desktop\酷Q Air\app\com.github.zybwh.qq_chat_jx3_bot\CQHandler.py[line:87] INFO OnEvent_GroupMsg: subType=1, sendTime=6340, fromGroup=168299066, fromQQ=434558130, fromAnonymous=, msg=挖宝, font=6513448
2019-03-27 12:44:34 Jx3Handler.py[line:199] INFO wa_bao items: {'mo_shi': {'max': 138, 'min': 122}, 'jia_zhuan_shen_can': {'max': 34, 'min': 25}, 'jin_ye_zi': {'max': 174, 'min': 138}, 'ran': {'max': 298, 'min': 282}, 'hai_shi_shan_meng': {'max': 299, 'min': 298}, 'hong_tong': {'max': 214, 'min': 178}, 'yin': {'max': 122, 'min': 106}, 'zhen_cheng_zhi_xin': {'max': 178, 'min': 174}, 'rong_ding': {'max': 246, 'min': 230}, 'sui_rou': {'max': 282, 'min': 246}, 'gan_cao': {'max': 106, 'min': 70}, 'jin_zhuan': {'max': 25, 'min': 0}, 'cu_bu': {'max': 70, 'min': 34}, 'zhuan_shen_can': {'max': 230, 'min': 214}} rand index: 248.462939233
2019-03-27 12:44:34 Jx3Handler.py[line:1567] INFO {'434558130': 'san_shan_si_hai'}
2019-03-27 12:44:34 Jx3Handler.py[line:1599] INFO No qiyu qq: 434558130 chance: 0.203788085851 > 0.01
2019-03-27 12:44:39 C:\Users\yuboz\Desktop\酷Q Air\app\com.github.zybwh.qq_chat_jx3_bot\CQHandler.py[line:87] INFO OnEvent_GroupMsg: subType=1, sendTime=6342, fromGroup=168299066, fromQQ=258869946, fromAnonymous=, msg=打劫[CQ:at,qq=434558130] , font=6513800
2019-03-27 12:44:39 Jx3Handler.py[line:1567] INFO {'258869946': 'fu_yao_jiu_tian'}
2019-03-27 12:44:39 Jx3Handler.py[line:1599] INFO No qiyu qq: 258869946 chance: 0.831478868104 > 0.01
2019-03-27 12:44:51 C:\Users\yuboz\Desktop\酷Q Air\app\com.github.zybwh.qq_chat_jx3_bot\CQHandler.py[line:87] INFO OnEvent_GroupMsg: subType=1, sendTime=6344, fromGroup=168299066, fromQQ=372397177, fromAnonymous=, msg=所以要删档了么？, font=7473496
2019-03-27 12:44:51 Jx3Handler.py[line:1567] INFO {'372397177': 'fu_yao_jiu_tian'}
2019-03-27 12:44:51 Jx3Handler.py[line:1599] INFO No qiyu qq: 372397177 chance: 0.892894241672 > 0.01
2019-03-27 12:44:54 C:\Users\yuboz\Desktop\酷Q Air\app\com.github.zybwh.qq_chat_jx3_bot\CQHandler.py[line:87] INFO OnEvent_GroupMsg: subType=1, sendTime=6345, fromGroup=168299066, fromQQ=258869946, fromAnonymous=, msg=打劫[CQ:at,qq=137811905] , font=7145760
2019-03-27 12:44:54 Jx3Handler.py[line:787] INFO success_chance: 0.458013076015 + 0.3 * 0.571428571429 + 0.2 * 0.35
2019-03-27 12:44:54 Jx3Handler.py[line:790] INFO chance: 0.0419882791958, success_chance: 0.677298790301
2019-03-27 12:44:54 Jx3Handler.py[line:862] INFO 258869946 rob 137811905 weiwang: 670 money: 86
2019-03-27 12:44:54 Jx3Handler.py[line:1567] INFO {'137811905': 'yin_yang_liang_jie', '258869946': 'hu_xiao_shan_lin'}
2019-03-27 12:44:54 Jx3Handler.py[line:1591] INFO qiyu require not met! qq: 137811905 require: pvp_gear_point:1750 > 3000; pve_gear_point:1950 > 3000; 
2019-03-27 12:44:54 Jx3Handler.py[line:1599] INFO No qiyu qq: 258869946 chance: 0.984778281112 > 0.05
2019-03-27 12:45:07 C:\Users\yuboz\Desktop\酷Q Air\app\com.github.zybwh.qq_chat_jx3_bot\CQHandler.py[line:87] INFO OnEvent_GroupMsg: subType=1, sendTime=6347, fromGroup=168299066, fromQQ=258869946, fromAnonymous=, msg=挖宝, font=7145280
2019-03-27 12:45:07 Jx3Handler.py[line:199] INFO wa_bao items: {'mo_shi': {'max': 97, 'min': 81}, 'jia_zhuan_shen_can': {'max': 299, 'min': 290}, 'jin_ye_zi': {'max': 165, 'min': 129}, 'ran': {'max': 56, 'min': 40}, 'hai_shi_shan_meng': {'max': 254, 'min': 253}, 'hong_tong': {'max': 290, 'min': 254}, 'yin': {'max': 181, 'min': 165}, 'zhen_cheng_zhi_xin': {'max': 4, 'min': 0}, 'rong_ding': {'max': 129, 'min': 113}, 'sui_rou': {'max': 253, 'min': 217}, 'gan_cao': {'max': 217, 'min': 181}, 'jin_zhuan': {'max': 81, 'min': 56}, 'cu_bu': {'max': 40, 'min': 4}, 'zhuan_shen_can': {'max': 113, 'min': 97}} rand index: 96.4467206259
2019-03-27 12:45:07 Jx3Handler.py[line:1567] INFO {'258869946': 'san_shan_si_hai'}
2019-03-27 12:45:07 Jx3Handler.py[line:1599] INFO No qiyu qq: 258869946 chance: 0.33349568739 > 0.01
2019-03-27 12:45:07 C:\Users\yuboz\Desktop\酷Q Air\app\com.github.zybwh.qq_chat_jx3_bot\CQHandler.py[line:87] INFO OnEvent_GroupMsg: subType=1, sendTime=6349, fromGroup=168299066, fromQQ=372397177, fromAnonymous=, msg=打劫[CQ:at,qq=137811905] , font=7145888
2019-03-27 12:45:07 Jx3Handler.py[line:1567] INFO {'372397177': 'fu_yao_jiu_tian'}
2019-03-27 12:45:07 Jx3Handler.py[line:1599] INFO No qiyu qq: 372397177 chance: 0.439071127093 > 0.01
2019-03-27 12:45:15 C:\Users\yuboz\Desktop\酷Q Air\app\com.github.zybwh.qq_chat_jx3_bot\CQHandler.py[line:87] INFO OnEvent_GroupMsg: subType=1, sendTime=6351, fromGroup=168299066, fromQQ=372397177, fromAnonymous=, msg=打劫[CQ:at,qq=434558130] , font=7145408
2019-03-27 12:45:15 Jx3Handler.py[line:1567] INFO {'372397177': 'fu_yao_jiu_tian'}
2019-03-27 12:45:15 Jx3Handler.py[line:1599] INFO No qiyu qq: 372397177 chance: 0.317825171535 > 0.01
2019-03-27 12:45:16 C:\Users\yuboz\Desktop\酷Q Air\app\com.github.zybwh.qq_chat_jx3_bot\CQHandler.py[line:87] INFO OnEvent_GroupMsg: subType=1, sendTime=6353, fromGroup=168299066, fromQQ=258869946, fromAnonymous=, msg=使用磨石, font=7145408
2019-03-27 12:45:16 Jx3Handler.py[line:1567] INFO {'258869946': 'fu_yao_jiu_tian'}
2019-03-27 12:45:16 Jx3Handler.py[line:1599] INFO No qiyu qq: 258869946 chance: 0.154027467317 > 0.01
2019-03-27 12:45:37 C:\Users\yuboz\Desktop\酷Q Air\app\com.github.zybwh.qq_chat_jx3_bot\CQHandler.py[line:87] INFO OnEvent_GroupMsg: subType=1, sendTime=6355, fromGroup=168299066, fromQQ=137811905, fromAnonymous=, msg=打劫[CQ:at,qq=372397177] , font=7145408
2019-03-27 12:45:37 Jx3Handler.py[line:787] INFO success_chance: 0.434584860103 + 0.3 * -0.326923076923 + 0.2 * 0.136363636364
2019-03-27 12:45:37 Jx3Handler.py[line:790] INFO chance: 0.691575573181, success_chance: 0.410109335627
2019-03-27 12:45:37 Jx3Handler.py[line:862] INFO 137811905 rob 372397177 weiwang: 554 money: 127
2019-03-27 12:45:37 Jx3Handler.py[line:1567] INFO {'137811905': 'fu_yao_jiu_tian'}
2019-03-27 12:45:37 Jx3Handler.py[line:1599] INFO No qiyu qq: 137811905 chance: 0.075564993324 > 0.01
2019-03-27 12:45:50 C:\Users\yuboz\Desktop\酷Q Air\app\com.github.zybwh.qq_chat_jx3_bot\CQHandler.py[line:87] INFO OnEvent_GroupMsg: subType=1, sendTime=6357, fromGroup=168299066, fromQQ=137811905, fromAnonymous=, msg=挖宝, font=7473880
2019-03-27 12:45:50 Jx3Handler.py[line:1567] INFO {'137811905': 'fu_yao_jiu_tian'}
2019-03-27 12:45:50 Jx3Handler.py[line:1599] INFO No qiyu qq: 137811905 chance: 0.57451373515 > 0.01
2019-03-27 12:46:02 C:\Users\yuboz\Desktop\酷Q Air\app\com.github.zybwh.qq_chat_jx3_bot\CQHandler.py[line:87] INFO OnEvent_GroupMsg: subType=1, sendTime=6359, fromGroup=168299066, fromQQ=137811905, fromAnonymous=, msg=使用转神餐, font=75527736
2019-03-27 12:46:02 Jx3Handler.py[line:1567] INFO {'137811905': 'fu_yao_jiu_tian'}
2019-03-27 12:46:02 Jx3Handler.py[line:1599] INFO No qiyu qq: 137811905 chance: 0.191865731052 > 0.01
2019-03-27 12:46:11 C:\Users\yuboz\Desktop\酷Q Air\app\com.github.zybwh.qq_chat_jx3_bot\CQHandler.py[line:87] INFO OnEvent_GroupMsg: subType=1, sendTime=6361, fromGroup=168299066, fromQQ=137811905, fromAnonymous=, msg=挖宝, font=75527224
2019-03-27 12:46:11 Jx3Handler.py[line:199] INFO wa_bao items: {'mo_shi': {'max': 82, 'min': 66}, 'jia_zhuan_shen_can': {'max': 14, 'min': 5}, 'jin_ye_zi': {'max': 222, 'min': 186}, 'ran': {'max': 299, 'min': 283}, 'hai_shi_shan_meng': {'max': 1, 'min': 0}, 'hong_tong': {'max': 154, 'min': 118}, 'yin': {'max': 30, 'min': 14}, 'zhen_cheng_zhi_xin': {'max': 5, 'min': 1}, 'rong_ding': {'max': 186, 'min': 170}, 'sui_rou': {'max': 66, 'min': 30}, 'gan_cao': {'max': 283, 'min': 247}, 'jin_zhuan': {'max': 247, 'min': 222}, 'cu_bu': {'max': 118, 'min': 82}, 'zhuan_shen_can': {'max': 170, 'min': 154}} rand index: 137.597566849
2019-03-27 12:46:11 Jx3Handler.py[line:1567] INFO {'137811905': 'san_shan_si_hai'}
2019-03-27 12:46:11 Jx3Handler.py[line:1599] INFO No qiyu qq: 137811905 chance: 0.587210685051 > 0.01
2019-03-27 12:46:12 C:\Users\yuboz\Desktop\酷Q Air\app\com.github.zybwh.qq_chat_jx3_bot\CQHandler.py[line:87] INFO OnEvent_GroupMsg: subType=1, sendTime=6363, fromGroup=168299066, fromQQ=562370953, fromAnonymous=, msg=挖宝, font=75527640
2019-03-27 12:46:12 Jx3Handler.py[line:199] INFO wa_bao items: {'jin_ye_zi': {'max': 130, 'min': 94}, 'yin': {'max': 94, 'min': 78}, 'mo_shi': {'max': 146, 'min': 130}, 'ran': {'max': 78, 'min': 62}, 'hai_shi_shan_meng': {'max': 1, 'min': 0}, 'hong_tong': {'max': 53, 'min': 17}, 'jia_zhuan_shen_can': {'max': 62, 'min': 53}, 'zhen_cheng_zhi_xin': {'max': 202, 'min': 198}, 'rong_ding': {'max': 17, 'min': 1}, 'sui_rou': {'max': 198, 'min': 162}, 'gan_cao': {'max': 263, 'min': 227}, 'jin_zhuan': {'max': 227, 'min': 202}, 'cu_bu': {'max': 299, 'min': 263}, 'zhuan_shen_can': {'max': 162, 'min': 146}} rand index: 200.113389208
2019-03-27 12:46:12 Jx3Handler.py[line:1567] INFO {'562370953': 'san_shan_si_hai'}
2019-03-27 12:46:12 Jx3Handler.py[line:1599] INFO No qiyu qq: 562370953 chance: 0.269387684624 > 0.01
2019-03-27 12:46:17 C:\Users\yuboz\Desktop\酷Q Air\app\com.github.zybwh.qq_chat_jx3_bot\CQHandler.py[line:87] INFO OnEvent_GroupMsg: subType=1, sendTime=6365, fromGroup=168299066, fromQQ=1340010224, fromAnonymous=, msg=挖宝, font=7474040
2019-03-27 12:46:17 Jx3Handler.py[line:199] INFO wa_bao items: {'jin_ye_zi': {'max': 123, 'min': 87}, 'yin': {'max': 283, 'min': 267}, 'mo_shi': {'max': 251, 'min': 235}, 'ran': {'max': 299, 'min': 283}, 'hai_shi_shan_meng': {'max': 1, 'min': 0}, 'hong_tong': {'max': 199, 'min': 163}, 'jia_zhuan_shen_can': {'max': 46, 'min': 37}, 'zhen_cheng_zhi_xin': {'max': 163, 'min': 159}, 'rong_ding': {'max': 267, 'min': 251}, 'sui_rou': {'max': 235, 'min': 199}, 'gan_cao': {'max': 37, 'min': 1}, 'jin_zhuan': {'max': 71, 'min': 46}, 'cu_bu': {'max': 159, 'min': 123}, 'zhuan_shen_can': {'max': 87, 'min': 71}} rand index: 75.2904332696
2019-03-27 12:46:17 Jx3Handler.py[line:1567] INFO {'1340010224': 'san_shan_si_hai'}
2019-03-27 12:46:17 Jx3Handler.py[line:1599] INFO No qiyu qq: 1340010224 chance: 0.374334113532 > 0.01
2019-03-27 12:46:20 C:\Users\yuboz\Desktop\酷Q Air\app\com.github.zybwh.qq_chat_jx3_bot\CQHandler.py[line:87] INFO OnEvent_GroupMsg: subType=1, sendTime=6367, fromGroup=168299066, fromQQ=258869946, fromAnonymous=, msg=哇哦, font=75527480
2019-03-27 12:46:20 Jx3Handler.py[line:1567] INFO {'258869946': 'fu_yao_jiu_tian'}
2019-03-27 12:46:20 Jx3Handler.py[line:1599] INFO No qiyu qq: 258869946 chance: 0.372968341239 > 0.01
2019-03-27 12:46:21 C:\Users\yuboz\Desktop\酷Q Air\app\com.github.zybwh.qq_chat_jx3_bot\CQHandler.py[line:87] INFO OnEvent_GroupMsg: subType=1, sendTime=6368, fromGroup=168299066, fromQQ=562370953, fromAnonymous=, msg=哦，真诚, font=128512472
2019-03-27 12:46:21 Jx3Handler.py[line:1567] INFO {'562370953': 'fu_yao_jiu_tian'}
2019-03-27 12:46:21 Jx3Handler.py[line:1599] INFO No qiyu qq: 562370953 chance: 0.700708336458 > 0.01
2019-03-27 12:46:22 C:\Users\yuboz\Desktop\酷Q Air\app\com.github.zybwh.qq_chat_jx3_bot\CQHandler.py[line:87] INFO OnEvent_GroupMsg: subType=1, sendTime=6369, fromGroup=168299066, fromQQ=137811905, fromAnonymous=, msg=我去⊙66⊙！, font=128512248
2019-03-27 12:46:22 Jx3Handler.py[line:1567] INFO {'137811905': 'fu_yao_jiu_tian'}
2019-03-27 12:46:22 Jx3Handler.py[line:1599] INFO No qiyu qq: 137811905 chance: 0.33563692153 > 0.01
2019-03-27 12:46:30 C:\Users\yuboz\Desktop\酷Q Air\app\com.github.zybwh.qq_chat_jx3_bot\CQHandler.py[line:87] INFO OnEvent_GroupMsg: subType=1, sendTime=6370, fromGroup=168299066, fromQQ=258869946, fromAnonymous=, msg=不愧是我的机机, font=128512856
2019-03-27 12:46:30 Jx3Handler.py[line:1567] INFO {'258869946': 'fu_yao_jiu_tian'}
2019-03-27 12:46:30 Jx3Handler.py[line:1599] INFO No qiyu qq: 258869946 chance: 0.515182395562 > 0.01
2019-03-27 12:46:34 C:\Users\yuboz\Desktop\酷Q Air\app\com.github.zybwh.qq_chat_jx3_bot\CQHandler.py[line:87] INFO OnEvent_GroupMsg: subType=1, sendTime=6371, fromGroup=168299066, fromQQ=1340010224, fromAnonymous=, msg=哇哦, font=128512600
2019-03-27 12:46:34 Jx3Handler.py[line:1567] INFO {'1340010224': 'fu_yao_jiu_tian'}
2019-03-27 12:46:34 Jx3Handler.py[line:1578] INFO qiyu in cd! qq: 1340010224 remain_time: 0hour 21min 0sec
2019-03-27 12:46:35 C:\Users\yuboz\Desktop\酷Q Air\app\com.github.zybwh.qq_chat_jx3_bot\CQHandler.py[line:87] INFO OnEvent_GroupMsg: subType=1, sendTime=6372, fromGroup=168299066, fromQQ=562370953, fromAnonymous=, msg=哈哈哈哈, font=128512216
2019-03-27 12:46:35 Jx3Handler.py[line:1567] INFO {'562370953': 'fu_yao_jiu_tian'}
2019-03-27 12:46:35 Jx3Handler.py[line:1599] INFO No qiyu qq: 562370953 chance: 0.617809732436 > 0.01
2019-03-27 12:46:48 C:\Users\yuboz\Desktop\酷Q Air\app\com.github.zybwh.qq_chat_jx3_bot\CQHandler.py[line:87] INFO OnEvent_GroupMsg: subType=1, sendTime=6373, fromGroup=168299066, fromQQ=562370953, fromAnonymous=, msg=我去搬会儿砖, font=75527480
2019-03-27 12:46:48 Jx3Handler.py[line:1567] INFO {'562370953': 'fu_yao_jiu_tian'}
2019-03-27 12:46:48 Jx3Handler.py[line:1599] INFO No qiyu qq: 562370953 chance: 0.665527198548 > 0.01
2019-03-27 12:47:03 C:\Users\yuboz\Desktop\酷Q Air\app\com.github.zybwh.qq_chat_jx3_bot\CQHandler.py[line:87] INFO OnEvent_GroupMsg: subType=1, sendTime=6374, fromGroup=731631992, fromQQ=434558130, fromAnonymous=, msg=哎，我想到, font=75527448
2019-03-27 12:47:03 Jx3Handler.py[line:1567] INFO {'434558130': 'fu_yao_jiu_tian'}
2019-03-27 12:47:03 Jx3Handler.py[line:1599] INFO No qiyu qq: 434558130 chance: 0.0380269159299 > 0.01
2019-03-27 12:47:30 C:\Users\yuboz\Desktop\酷Q Air\app\com.github.zybwh.qq_chat_jx3_bot\CQHandler.py[line:87] INFO OnEvent_GroupMsg: subType=1, sendTime=6375, fromGroup=731631992, fromQQ=434558130, fromAnonymous=, msg=输入查看，机器人私聊你内容这样怎么样, font=7473752
2019-03-27 12:47:30 Jx3Handler.py[line:1567] INFO {'434558130': 'fu_yao_jiu_tian'}
2019-03-27 12:47:30 Jx3Handler.py[line:1599] INFO No qiyu qq: 434558130 chance: 0.449736941088 > 0.01
2019-03-27 12:51:14 C:\Users\yuboz\Desktop\酷Q Air\app\com.github.zybwh.qq_chat_jx3_bot\CQHandler.py[line:87] INFO OnEvent_GroupMsg: subType=1, sendTime=6376, fromGroup=168299066, fromQQ=372397177, fromAnonymous=, msg=打劫[CQ:at,qq=434558130] , font=128512184
2019-03-27 12:51:14 Jx3Handler.py[line:787] INFO success_chance: 0.420628674816 + 0.3 * 0.155555555556 + 0.2 * 0.3
2019-03-27 12:51:14 Jx3Handler.py[line:790] INFO chance: 0.0145576427364, success_chance: 0.541739785927
2019-03-27 12:51:14 Jx3Handler.py[line:862] INFO 372397177 rob 434558130 weiwang: 513 money: 89
2019-03-27 12:51:14 Jx3Handler.py[line:1567] INFO {'434558130': 'yin_yang_liang_jie', '372397177': 'hu_xiao_shan_lin'}
2019-03-27 12:51:14 Jx3Handler.py[line:1591] INFO qiyu require not met! qq: 434558130 require: pvp_gear_point:2250 > 3000; pve_gear_point:1750 > 3000; 
2019-03-27 12:51:14 Jx3Handler.py[line:1599] INFO No qiyu qq: 372397177 chance: 0.442819789907 > 0.05
2019-03-27 12:51:19 C:\Users\yuboz\Desktop\酷Q Air\app\com.github.zybwh.qq_chat_jx3_bot\CQHandler.py[line:87] INFO OnEvent_GroupMsg: subType=1, sendTime=6378, fromGroup=168299066, fromQQ=372397177, fromAnonymous=, msg=购买印, font=7090520
2019-03-27 12:51:20 Jx3Handler.py[line:1567] INFO {'372397177': 'fu_yao_jiu_tian'}
2019-03-27 12:51:20 Jx3Handler.py[line:1599] INFO No qiyu qq: 372397177 chance: 0.885270642434 > 0.01
2019-03-27 12:51:22 C:\Users\yuboz\Desktop\酷Q Air\app\com.github.zybwh.qq_chat_jx3_bot\CQHandler.py[line:87] INFO OnEvent_GroupMsg: subType=1, sendTime=6380, fromGroup=168299066, fromQQ=372397177, fromAnonymous=, msg=使用印, font=7474168
2019-03-27 12:51:22 Jx3Handler.py[line:1567] INFO {'372397177': 'fu_yao_jiu_tian'}
2019-03-27 12:51:22 Jx3Handler.py[line:1599] INFO No qiyu qq: 372397177 chance: 0.939978764914 > 0.01
2019-03-27 12:51:35 C:\Users\yuboz\Desktop\酷Q Air\app\com.github.zybwh.qq_chat_jx3_bot\CQHandler.py[line:87] INFO OnEvent_GroupMsg: subType=1, sendTime=6382, fromGroup=168299066, fromQQ=372397177, fromAnonymous=, msg=挖宝, font=7473528
2019-03-27 12:51:35 Jx3Handler.py[line:1567] INFO {'372397177': 'fu_yao_jiu_tian'}
2019-03-27 12:51:35 Jx3Handler.py[line:1599] INFO No qiyu qq: 372397177 chance: 0.903682230505 > 0.01
2019-03-27 12:51:56 C:\Users\yuboz\Desktop\酷Q Air\app\com.github.zybwh.qq_chat_jx3_bot\CQHandler.py[line:87] INFO OnEvent_GroupMsg: subType=1, sendTime=6384, fromGroup=168299066, fromQQ=258869946, fromAnonymous=, msg=感觉，还是只要有奇遇就够了, font=75527512
2019-03-27 12:51:56 Jx3Handler.py[line:1567] INFO {'258869946': 'fu_yao_jiu_tian'}
2019-03-27 12:51:56 Jx3Handler.py[line:1599] INFO No qiyu qq: 258869946 chance: 0.905124573034 > 0.01
2019-03-27 12:51:58 C:\Users\yuboz\Desktop\酷Q Air\app\com.github.zybwh.qq_chat_jx3_bot\CQHandler.py[line:87] INFO OnEvent_GroupMsg: subType=1, sendTime=6385, fromGroup=168299066, fromQQ=562370953, fromAnonymous=, msg=可以把真诚卖了换钱不, font=7473432
2019-03-27 12:51:58 Jx3Handler.py[line:1567] INFO {'562370953': 'fu_yao_jiu_tian'}
2019-03-27 12:51:58 Jx3Handler.py[line:1599] INFO No qiyu qq: 562370953 chance: 0.873809951873 > 0.01
2019-03-27 12:52:00 C:\Users\yuboz\Desktop\酷Q Air\app\com.github.zybwh.qq_chat_jx3_bot\CQHandler.py[line:87] INFO OnEvent_GroupMsg: subType=1, sendTime=6386, fromGroup=168299066, fromQQ=258869946, fromAnonymous=, msg=[CQ:image,file=02D32CF2D40BBB07006A2E7CA127CCF0.gif], font=7473912
2019-03-27 12:52:00 Jx3Handler.py[line:1567] INFO {'258869946': 'luan_shi_wu_ji'}
2019-03-27 12:52:00 Jx3Handler.py[line:1599] INFO No qiyu qq: 258869946 chance: 0.82088619987 > 0.01
2019-03-27 12:52:29 C:\Users\yuboz\Desktop\酷Q Air\app\com.github.zybwh.qq_chat_jx3_bot\CQHandler.py[line:87] INFO OnEvent_GroupMsg: subType=1, sendTime=6387, fromGroup=168299066, fromQQ=562370953, fromAnonymous=, msg=这个的奇遇和游戏差不多，押镖有有黑白路，挖宝才有33, font=7473464
2019-03-27 12:52:29 Jx3Handler.py[line:1567] INFO {'562370953': 'fu_yao_jiu_tian'}
2019-03-27 12:52:29 Jx3Handler.py[line:1599] INFO No qiyu qq: 562370953 chance: 0.495515025666 > 0.01
2019-03-27 12:52:32 C:\Users\yuboz\Desktop\酷Q Air\app\com.github.zybwh.qq_chat_jx3_bot\CQHandler.py[line:87] INFO OnEvent_GroupMsg: subType=1, sendTime=6388, fromGroup=168299066, fromQQ=562370953, fromAnonymous=, msg=大概这个意思吧, font=7473528
2019-03-27 12:52:32 Jx3Handler.py[line:1567] INFO {'562370953': 'fu_yao_jiu_tian'}
2019-03-27 12:52:32 Jx3Handler.py[line:1599] INFO No qiyu qq: 562370953 chance: 0.827199261449 > 0.01
2019-03-27 12:52:39 C:\Users\yuboz\Desktop\酷Q Air\app\com.github.zybwh.qq_chat_jx3_bot\CQHandler.py[line:87] INFO OnEvent_GroupMsg: subType=1, sendTime=6389, fromGroup=168299066, fromQQ=562370953, fromAnonymous=, msg=其他的随机说话会有？, font=7473912
2019-03-27 12:52:39 Jx3Handler.py[line:1567] INFO {'562370953': 'fu_yao_jiu_tian'}
2019-03-27 12:52:39 Jx3Handler.py[line:1599] INFO No qiyu qq: 562370953 chance: 0.249037977969 > 0.01
2019-03-27 12:52:50 C:\Users\yuboz\Desktop\酷Q Air\app\com.github.zybwh.qq_chat_jx3_bot\CQHandler.py[line:87] INFO OnEvent_GroupMsg: subType=1, sendTime=6390, fromGroup=168299066, fromQQ=562370953, fromAnonymous=, msg=勃勃他们给奇遇设置了前置条件, font=128512600
2019-03-27 12:52:50 Jx3Handler.py[line:1567] INFO {'562370953': 'fu_yao_jiu_tian'}
2019-03-27 12:52:50 Jx3Handler.py[line:1599] INFO No qiyu qq: 562370953 chance: 0.38034857623 > 0.01
2019-03-27 12:55:20 C:\Users\yuboz\Desktop\酷Q Air\app\com.github.zybwh.qq_chat_jx3_bot\CQHandler.py[line:87] INFO OnEvent_GroupMsg: subType=1, sendTime=6391, fromGroup=168299066, fromQQ=372397177, fromAnonymous=, msg=押镖怎么玩, font=75527896
2019-03-27 12:55:20 Jx3Handler.py[line:1567] INFO {'372397177': 'fu_yao_jiu_tian'}
2019-03-27 12:55:20 Jx3Handler.py[line:1599] INFO No qiyu qq: 372397177 chance: 0.415323963782 > 0.01
2019-03-27 12:55:21 C:\Users\yuboz\Desktop\酷Q Air\app\com.github.zybwh.qq_chat_jx3_bot\CQHandler.py[line:87] INFO OnEvent_GroupMsg: subType=1, sendTime=6392, fromGroup=168299066, fromQQ=526434965, fromAnonymous=, msg=挖宝, font=7474040
2019-03-27 12:55:21 Jx3Handler.py[line:199] INFO wa_bao items: {'jin_ye_zi': {'max': 179, 'min': 143}, 'yin': {'max': 143, 'min': 127}, 'mo_shi': {'max': 283, 'min': 267}, 'ran': {'max': 54, 'min': 38}, 'hai_shi_shan_meng': {'max': 91, 'min': 90}, 'hong_tong': {'max': 251, 'min': 215}, 'jia_zhuan_shen_can': {'max': 34, 'min': 25}, 'zhen_cheng_zhi_xin': {'max': 38, 'min': 34}, 'rong_ding': {'max': 267, 'min': 251}, 'sui_rou': {'max': 127, 'min': 91}, 'gan_cao': {'max': 215, 'min': 179}, 'jin_zhuan': {'max': 25, 'min': 0}, 'cu_bu': {'max': 90, 'min': 54}, 'zhuan_shen_can': {'max': 299, 'min': 283}} rand index: 259.607800502
2019-03-27 12:55:21 Jx3Handler.py[line:1567] INFO {'526434965': 'san_shan_si_hai'}
2019-03-27 12:55:21 Jx3Handler.py[line:1599] INFO No qiyu qq: 526434965 chance: 0.598806451559 > 0.01
2019-03-27 12:55:22 C:\Users\yuboz\Desktop\酷Q Air\app\com.github.zybwh.qq_chat_jx3_bot\CQHandler.py[line:87] INFO OnEvent_GroupMsg: subType=1, sendTime=6394, fromGroup=168299066, fromQQ=372397177, fromAnonymous=, msg=押镖, font=7473912
2019-03-27 12:55:22 Jx3Handler.py[line:1567] INFO {'372397177': 'hu_you_cang_sheng'}
2019-03-27 12:55:22 Jx3Handler.py[line:1599] INFO No qiyu qq: 372397177 chance: 0.504334515205 > 0.05
2019-03-27 12:55:27 C:\Users\yuboz\Desktop\酷Q Air\app\com.github.zybwh.qq_chat_jx3_bot\CQHandler.py[line:87] INFO OnEvent_GroupMsg: subType=1, sendTime=6396, fromGroup=168299066, fromQQ=372397177, fromAnonymous=, msg=购买磨石, font=7474008
2019-03-27 12:55:27 Jx3Handler.py[line:1567] INFO {'372397177': 'fu_yao_jiu_tian'}
2019-03-27 12:55:27 Jx3Handler.py[line:1599] INFO No qiyu qq: 372397177 chance: 0.711382727211 > 0.01
2019-03-27 12:55:30 C:\Users\yuboz\Desktop\酷Q Air\app\com.github.zybwh.qq_chat_jx3_bot\CQHandler.py[line:87] INFO OnEvent_GroupMsg: subType=1, sendTime=6398, fromGroup=168299066, fromQQ=372397177, fromAnonymous=, msg=押镖, font=7473784
2019-03-27 12:55:30 Jx3Handler.py[line:1567] INFO {'372397177': 'fu_yao_jiu_tian'}
2019-03-27 12:55:30 Jx3Handler.py[line:1599] INFO No qiyu qq: 372397177 chance: 0.224135865507 > 0.01
2019-03-27 12:55:34 C:\Users\yuboz\Desktop\酷Q Air\app\com.github.zybwh.qq_chat_jx3_bot\CQHandler.py[line:87] INFO OnEvent_GroupMsg: subType=1, sendTime=6400, fromGroup=168299066, fromQQ=372397177, fromAnonymous=, msg=我擦？？？, font=128523240
2019-03-27 12:55:34 Jx3Handler.py[line:1567] INFO {'372397177': 'fu_yao_jiu_tian'}
2019-03-27 12:55:34 Jx3Handler.py[line:1599] INFO No qiyu qq: 372397177 chance: 0.75021035814 > 0.01
2019-03-27 12:55:37 C:\Users\yuboz\Desktop\酷Q Air\app\com.github.zybwh.qq_chat_jx3_bot\CQHandler.py[line:87] INFO OnEvent_GroupMsg: subType=1, sendTime=6401, fromGroup=168299066, fromQQ=372397177, fromAnonymous=, msg=商店, font=75523192
2019-03-27 12:55:37 Jx3Handler.py[line:1567] INFO {'372397177': 'fu_yao_jiu_tian'}
2019-03-27 12:55:37 Jx3Handler.py[line:1599] INFO No qiyu qq: 372397177 chance: 0.36741820965 > 0.01
2019-03-27 12:55:43 C:\Users\yuboz\Desktop\酷Q Air\app\com.github.zybwh.qq_chat_jx3_bot\CQHandler.py[line:87] INFO OnEvent_GroupMsg: subType=1, sendTime=6403, fromGroup=168299066, fromQQ=372397177, fromAnonymous=, msg=购买转神餐, font=7145856
2019-03-27 12:55:43 Jx3Handler.py[line:1567] INFO {'372397177': 'fu_yao_jiu_tian'}
2019-03-27 12:55:43 Jx3Handler.py[line:1599] INFO No qiyu qq: 372397177 chance: 0.518689131478 > 0.01
2019-03-27 12:55:50 C:\Users\yuboz\Desktop\酷Q Air\app\com.github.zybwh.qq_chat_jx3_bot\CQHandler.py[line:87] INFO OnEvent_GroupMsg: subType=1, sendTime=6405, fromGroup=168299066, fromQQ=372397177, fromAnonymous=, msg=使用转神餐, font=6901336
2019-03-27 12:55:50 Jx3Handler.py[line:1567] INFO {'372397177': 'fu_yao_jiu_tian'}
2019-03-27 12:55:50 Jx3Handler.py[line:1599] INFO No qiyu qq: 372397177 chance: 0.39427501322 > 0.01
2019-03-27 12:55:53 C:\Users\yuboz\Desktop\酷Q Air\app\com.github.zybwh.qq_chat_jx3_bot\CQHandler.py[line:87] INFO OnEvent_GroupMsg: subType=1, sendTime=6407, fromGroup=168299066, fromQQ=372397177, fromAnonymous=, msg=押镖, font=6901592
2019-03-27 12:55:54 Jx3Handler.py[line:1567] INFO {'372397177': 'fu_yao_jiu_tian'}
2019-03-27 12:55:54 Jx3Handler.py[line:1599] INFO No qiyu qq: 372397177 chance: 0.0110340173516 > 0.01
2019-03-27 12:56:05 C:\Users\yuboz\Desktop\酷Q Air\app\com.github.zybwh.qq_chat_jx3_bot\CQHandler.py[line:87] INFO OnEvent_GroupMsg: subType=1, sendTime=6409, fromGroup=168299066, fromQQ=372397177, fromAnonymous=, msg=购买转神餐, font=7474104
2019-03-27 12:56:06 Jx3Handler.py[line:1567] INFO {'372397177': 'fu_yao_jiu_tian'}
2019-03-27 12:56:06 Jx3Handler.py[line:1599] INFO No qiyu qq: 372397177 chance: 0.255568499844 > 0.01
2019-03-27 12:56:09 C:\Users\yuboz\Desktop\酷Q Air\app\com.github.zybwh.qq_chat_jx3_bot\CQHandler.py[line:87] INFO OnEvent_GroupMsg: subType=1, sendTime=6411, fromGroup=168299066, fromQQ=372397177, fromAnonymous=, msg=使用转神餐, font=7473464
2019-03-27 12:56:10 Jx3Handler.py[line:1567] INFO {'372397177': 'fu_yao_jiu_tian'}
2019-03-27 12:56:10 Jx3Handler.py[line:1599] INFO No qiyu qq: 372397177 chance: 0.238992126981 > 0.01
2019-03-27 12:56:13 C:\Users\yuboz\Desktop\酷Q Air\app\com.github.zybwh.qq_chat_jx3_bot\CQHandler.py[line:87] INFO OnEvent_GroupMsg: subType=1, sendTime=6413, fromGroup=168299066, fromQQ=372397177, fromAnonymous=, msg=押镖, font=128512216
2019-03-27 12:56:13 Jx3Handler.py[line:1567] INFO {'372397177': 'hu_you_cang_sheng'}
2019-03-27 12:56:13 Jx3Handler.py[line:1599] INFO No qiyu qq: 372397177 chance: 0.0734421291175 > 0.05
2019-03-27 12:56:18 C:\Users\yuboz\Desktop\酷Q Air\app\com.github.zybwh.qq_chat_jx3_bot\CQHandler.py[line:87] INFO OnEvent_GroupMsg: subType=1, sendTime=6415, fromGroup=168299066, fromQQ=372397177, fromAnonymous=, msg=购买磨石, font=128512440
2019-03-27 12:56:18 Jx3Handler.py[line:1567] INFO {'372397177': 'fu_yao_jiu_tian'}
2019-03-27 12:56:18 Jx3Handler.py[line:1599] INFO No qiyu qq: 372397177 chance: 0.887933138666 > 0.01
2019-03-27 12:56:22 C:\Users\yuboz\Desktop\酷Q Air\app\com.github.zybwh.qq_chat_jx3_bot\CQHandler.py[line:87] INFO OnEvent_GroupMsg: subType=1, sendTime=6417, fromGroup=168299066, fromQQ=372397177, fromAnonymous=, msg=使用磨石*2, font=7473688
2019-03-27 12:56:22 Jx3Handler.py[line:1567] INFO {'372397177': 'fu_yao_jiu_tian'}
2019-03-27 12:56:22 Jx3Handler.py[line:1599] INFO No qiyu qq: 372397177 chance: 0.643957061537 > 0.01
2019-03-27 12:56:27 C:\Users\yuboz\Desktop\酷Q Air\app\com.github.zybwh.qq_chat_jx3_bot\CQHandler.py[line:87] INFO OnEvent_GroupMsg: subType=1, sendTime=6419, fromGroup=168299066, fromQQ=137811905, fromAnonymous=, msg=挖宝, font=7473976
2019-03-27 12:56:27 Jx3Handler.py[line:199] INFO wa_bao items: {'mo_shi': {'max': 133, 'min': 117}, 'yin': {'max': 299, 'min': 283}, 'jin_ye_zi': {'max': 76, 'min': 40}, 'ran': {'max': 92, 'min': 76}, 'hai_shi_shan_meng': {'max': 179, 'min': 178}, 'hong_tong': {'max': 247, 'min': 211}, 'jia_zhuan_shen_can': {'max': 142, 'min': 133}, 'zhen_cheng_zhi_xin': {'max': 40, 'min': 36}, 'rong_ding': {'max': 195, 'min': 179}, 'sui_rou': {'max': 36, 'min': 0}, 'gan_cao': {'max': 283, 'min': 247}, 'jin_zhuan': {'max': 117, 'min': 92}, 'cu_bu': {'max': 178, 'min': 142}, 'zhuan_shen_can': {'max': 211, 'min': 195}} rand index: 22.4212389479
2019-03-27 12:56:27 Jx3Handler.py[line:1567] INFO {'137811905': 'san_shan_si_hai'}
2019-03-27 12:56:27 Jx3Handler.py[line:1599] INFO No qiyu qq: 137811905 chance: 0.762735392051 > 0.01
2019-03-27 12:56:31 C:\Users\yuboz\Desktop\酷Q Air\app\com.github.zybwh.qq_chat_jx3_bot\CQHandler.py[line:87] INFO OnEvent_GroupMsg: subType=1, sendTime=6421, fromGroup=168299066, fromQQ=372397177, fromAnonymous=, msg=查看, font=52877408
2019-03-27 12:56:31 Jx3Handler.py[line:1567] INFO {'372397177': 'fu_yao_jiu_tian'}
2019-03-27 12:56:31 Jx3Handler.py[line:1599] INFO No qiyu qq: 372397177 chance: 0.535103642585 > 0.01
2019-03-27 12:57:34 C:\Users\yuboz\Desktop\酷Q Air\app\com.github.zybwh.qq_chat_jx3_bot\CQHandler.py[line:87] INFO OnEvent_GroupMsg: subType=1, sendTime=6423, fromGroup=168299066, fromQQ=562370953, fromAnonymous=, msg=啊！！！！！！！！让我去联系公司买东西，就给我说了个简称, font=128512184
2019-03-27 12:57:34 Jx3Handler.py[line:1567] INFO {'562370953': 'fu_yao_jiu_tian'}
2019-03-27 12:57:34 Jx3Handler.py[line:1599] INFO No qiyu qq: 562370953 chance: 0.24681541738 > 0.01
2019-03-27 12:57:41 C:\Users\yuboz\Desktop\酷Q Air\app\com.github.zybwh.qq_chat_jx3_bot\CQHandler.py[line:87] INFO OnEvent_GroupMsg: subType=1, sendTime=6424, fromGroup=168299066, fromQQ=562370953, fromAnonymous=, msg=然后联系了两个公司, font=128512568
2019-03-27 12:57:41 Jx3Handler.py[line:1567] INFO {'562370953': 'fu_yao_jiu_tian'}
2019-03-27 12:57:41 Jx3Handler.py[line:1599] INFO No qiyu qq: 562370953 chance: 0.34476407016 > 0.01
2019-03-27 12:57:47 C:\Users\yuboz\Desktop\酷Q Air\app\com.github.zybwh.qq_chat_jx3_bot\CQHandler.py[line:87] INFO OnEvent_GroupMsg: subType=1, sendTime=6425, fromGroup=168299066, fromQQ=1340010224, fromAnonymous=, msg=。。。, font=6901496
2019-03-27 12:57:47 Jx3Handler.py[line:1567] INFO {'1340010224': 'fu_yao_jiu_tian'}
2019-03-27 12:57:47 Jx3Handler.py[line:1578] INFO qiyu in cd! qq: 1340010224 remain_time: 0hour 9min 47sec
2019-03-27 12:58:03 C:\Users\yuboz\Desktop\酷Q Air\app\com.github.zybwh.qq_chat_jx3_bot\CQHandler.py[line:87] INFO OnEvent_GroupMsg: subType=1, sendTime=6426, fromGroup=168299066, fromQQ=562370953, fromAnonymous=, msg=最后我问产品什么厂家生产的，给我说句不清楚，你问他们有什么厂家嘛, font=52877408
2019-03-27 12:58:03 Jx3Handler.py[line:1567] INFO {'562370953': 'fu_yao_jiu_tian'}
2019-03-27 12:58:03 Jx3Handler.py[line:1599] INFO No qiyu qq: 562370953 chance: 0.818417787757 > 0.01
2019-03-27 12:58:06 C:\Users\yuboz\Desktop\酷Q Air\app\com.github.zybwh.qq_chat_jx3_bot\CQHandler.py[line:87] INFO OnEvent_GroupMsg: subType=1, sendTime=6427, fromGroup=168299066, fromQQ=562370953, fromAnonymous=, msg=我？？？？？？？？？？？？？？？？？？？？？？？？？？？？？？？？？？？, font=52877952
2019-03-27 12:58:06 Jx3Handler.py[line:1567] INFO {'562370953': 'fu_yao_jiu_tian'}
2019-03-27 12:58:06 Jx3Handler.py[line:1599] INFO No qiyu qq: 562370953 chance: 0.865097336986 > 0.01
2019-03-27 12:58:13 C:\Users\yuboz\Desktop\酷Q Air\app\com.github.zybwh.qq_chat_jx3_bot\CQHandler.py[line:87] INFO OnEvent_GroupMsg: subType=1, sendTime=6428, fromGroup=168299066, fromQQ=562370953, fromAnonymous=, msg=想打人，非常的想打人, font=75524760
2019-03-27 12:58:13 Jx3Handler.py[line:1567] INFO {'562370953': 'fu_yao_jiu_tian'}
2019-03-27 12:58:13 Jx3Handler.py[line:1599] INFO No qiyu qq: 562370953 chance: 0.521918943532 > 0.01
2019-03-27 12:58:51 C:\Users\yuboz\Desktop\酷Q Air\app\com.github.zybwh.qq_chat_jx3_bot\CQHandler.py[line:87] INFO OnEvent_GroupMsg: subType=1, sendTime=6429, fromGroup=168299066, fromQQ=562370953, fromAnonymous=, msg=[CQ:face,id=14]买东西采购不知道厂家名称，不知道产品全称, font=75524184
2019-03-27 12:58:51 Jx3Handler.py[line:1567] INFO {'562370953': 'fu_yao_jiu_tian'}
2019-03-27 12:58:51 Jx3Handler.py[line:1599] INFO No qiyu qq: 562370953 chance: 0.347027949874 > 0.01
2019-03-27 12:59:04 C:\Users\yuboz\Desktop\酷Q Air\app\com.github.zybwh.qq_chat_jx3_bot\CQHandler.py[line:87] INFO OnEvent_GroupMsg: subType=1, sendTime=6430, fromGroup=168299066, fromQQ=562370953, fromAnonymous=, msg=我一个后勤我能知道啥，搞回来不对怎么玩儿, font=7473656
2019-03-27 12:59:04 Jx3Handler.py[line:1567] INFO {'562370953': 'fu_yao_jiu_tian'}
2019-03-27 12:59:04 Jx3Handler.py[line:1599] INFO No qiyu qq: 562370953 chance: 0.723439819895 > 0.01
2019-03-27 13:12:07 C:\Users\yuboz\Desktop\酷Q Air\app\com.github.zybwh.qq_chat_jx3_bot\CQHandler.py[line:87] INFO OnEvent_GroupMsg: subType=1, sendTime=6431, fromGroup=168299066, fromQQ=434558130, fromAnonymous=, msg=挖宝, font=6900920
2019-03-27 13:12:07 Jx3Handler.py[line:199] INFO wa_bao items: {'mo_shi': {'max': 263, 'min': 247}, 'jia_zhuan_shen_can': {'max': 25, 'min': 16}, 'jin_ye_zi': {'max': 299, 'min': 263}, 'ran': {'max': 16, 'min': 0}, 'hai_shi_shan_meng': {'max': 247, 'min': 246}, 'hong_tong': {'max': 194, 'min': 158}, 'yin': {'max': 70, 'min': 54}, 'zhen_cheng_zhi_xin': {'max': 54, 'min': 50}, 'rong_ding': {'max': 122, 'min': 106}, 'sui_rou': {'max': 106, 'min': 70}, 'gan_cao': {'max': 158, 'min': 122}, 'jin_zhuan': {'max': 50, 'min': 25}, 'cu_bu': {'max': 246, 'min': 210}, 'zhuan_shen_can': {'max': 210, 'min': 194}} rand index: 88.7576909364
2019-03-27 13:12:07 Jx3Handler.py[line:1567] INFO {'434558130': 'san_shan_si_hai'}
2019-03-27 13:12:07 Jx3Handler.py[line:1599] INFO No qiyu qq: 434558130 chance: 0.681586438268 > 0.01
2019-03-27 13:12:20 C:\Users\yuboz\Desktop\酷Q Air\app\com.github.zybwh.qq_chat_jx3_bot\CQHandler.py[line:87] INFO OnEvent_GroupMsg: subType=1, sendTime=6433, fromGroup=168299066, fromQQ=137811905, fromAnonymous=, msg=挖宝, font=7474072
2019-03-27 13:12:20 Jx3Handler.py[line:1567] INFO {'137811905': 'fu_yao_jiu_tian'}
2019-03-27 13:12:20 Jx3Handler.py[line:1599] INFO No qiyu qq: 137811905 chance: 0.709062234501 > 0.01
2019-03-27 13:12:45 C:\Users\yuboz\Desktop\酷Q Air\app\com.github.zybwh.qq_chat_jx3_bot\CQHandler.py[line:87] INFO OnEvent_GroupMsg: subType=1, sendTime=6435, fromGroup=168299066, fromQQ=137811905, fromAnonymous=, msg=商店, font=7473880
2019-03-27 13:12:45 Jx3Handler.py[line:1567] INFO {'137811905': 'fu_yao_jiu_tian'}
2019-03-27 13:12:45 Jx3Handler.py[line:1599] INFO No qiyu qq: 137811905 chance: 0.321515358435 > 0.01
2019-03-27 13:12:57 C:\Users\yuboz\Desktop\酷Q Air\app\com.github.zybwh.qq_chat_jx3_bot\CQHandler.py[line:87] INFO OnEvent_GroupMsg: subType=1, sendTime=6437, fromGroup=168299066, fromQQ=137811905, fromAnonymous=, msg=购买转神餐, font=75525368
2019-03-27 13:12:57 Jx3Handler.py[line:1567] INFO {'137811905': 'fu_yao_jiu_tian'}
2019-03-27 13:12:57 Jx3Handler.py[line:1599] INFO No qiyu qq: 137811905 chance: 0.835251095197 > 0.01
2019-03-27 13:13:07 C:\Users\yuboz\Desktop\酷Q Air\app\com.github.zybwh.qq_chat_jx3_bot\CQHandler.py[line:87] INFO OnEvent_GroupMsg: subType=1, sendTime=6439, fromGroup=168299066, fromQQ=137811905, fromAnonymous=, msg=使用转神餐, font=128512184
2019-03-27 13:13:07 Jx3Handler.py[line:1567] INFO {'137811905': 'fu_yao_jiu_tian'}
2019-03-27 13:13:07 Jx3Handler.py[line:1599] INFO No qiyu qq: 137811905 chance: 0.52370421769 > 0.01
2019-03-27 13:13:12 C:\Users\yuboz\Desktop\酷Q Air\app\com.github.zybwh.qq_chat_jx3_bot\CQHandler.py[line:87] INFO OnEvent_GroupMsg: subType=1, sendTime=6441, fromGroup=168299066, fromQQ=137811905, fromAnonymous=, msg=挖宝, font=7146176
2019-03-27 13:13:12 Jx3Handler.py[line:199] INFO wa_bao items: {'jin_ye_zi': {'max': 250, 'min': 214}, 'yin': {'max': 267, 'min': 251}, 'mo_shi': {'max': 299, 'min': 283}, 'ran': {'max': 137, 'min': 121}, 'hai_shi_shan_meng': {'max': 251, 'min': 250}, 'hong_tong': {'max': 173, 'min': 137}, 'jia_zhuan_shen_can': {'max': 9, 'min': 0}, 'zhen_cheng_zhi_xin': {'max': 49, 'min': 45}, 'rong_ding': {'max': 283, 'min': 267}, 'sui_rou': {'max': 85, 'min': 49}, 'gan_cao': {'max': 45, 'min': 9}, 'jin_zhuan': {'max': 214, 'min': 189}, 'cu_bu': {'max': 121, 'min': 85}, 'zhuan_shen_can': {'max': 189, 'min': 173}} rand index: 202.38583925
2019-03-27 13:13:12 Jx3Handler.py[line:1567] INFO {'137811905': 'san_shan_si_hai'}
2019-03-27 13:13:12 Jx3Handler.py[line:1599] INFO No qiyu qq: 137811905 chance: 0.807482252905 > 0.01
2019-03-27 13:13:22 C:\Users\yuboz\Desktop\酷Q Air\app\com.github.zybwh.qq_chat_jx3_bot\CQHandler.py[line:87] INFO OnEvent_GroupMsg: subType=1, sendTime=6443, fromGroup=168299066, fromQQ=137811905, fromAnonymous=, msg=使用金砖, font=128512952
2019-03-27 13:13:22 Jx3Handler.py[line:1567] INFO {'137811905': 'fu_yao_jiu_tian'}
2019-03-27 13:13:22 Jx3Handler.py[line:1599] INFO No qiyu qq: 137811905 chance: 0.965685361399 > 0.01
2019-03-27 13:21:48 C:\Users\yuboz\Desktop\酷Q Air\app\com.github.zybwh.qq_chat_jx3_bot\CQHandler.py[line:87] INFO OnEvent_GroupMsg: subType=1, sendTime=6445, fromGroup=168299066, fromQQ=258869946, fromAnonymous=, msg=。。。。。。, font=7474328
2019-03-27 13:21:49 Jx3Handler.py[line:1567] INFO {'258869946': 'fu_yao_jiu_tian'}
2019-03-27 13:21:49 Jx3Handler.py[line:1599] INFO No qiyu qq: 258869946 chance: 0.530380086191 > 0.01
2019-03-27 13:23:04 C:\Users\yuboz\Desktop\酷Q Air\app\com.github.zybwh.qq_chat_jx3_bot\CQHandler.py[line:87] INFO OnEvent_GroupMsg: subType=1, sendTime=6446, fromGroup=168299066, fromQQ=348763351, fromAnonymous=, msg=挖宝, font=7145312
2019-03-27 13:23:04 Jx3Handler.py[line:199] INFO wa_bao items: {'mo_shi': {'max': 182, 'min': 166}, 'yin': {'max': 299, 'min': 283}, 'jin_ye_zi': {'max': 218, 'min': 182}, 'ran': {'max': 78, 'min': 62}, 'hai_shi_shan_meng': {'max': 46, 'min': 45}, 'hong_tong': {'max': 150, 'min': 114}, 'jia_zhuan_shen_can': {'max': 45, 'min': 36}, 'zhen_cheng_zhi_xin': {'max': 222, 'min': 218}, 'rong_ding': {'max': 62, 'min': 46}, 'sui_rou': {'max': 114, 'min': 78}, 'gan_cao': {'max': 258, 'min': 222}, 'jin_zhuan': {'max': 283, 'min': 258}, 'cu_bu': {'max': 36, 'min': 0}, 'zhuan_shen_can': {'max': 166, 'min': 150}} rand index: 205.299191898
2019-03-27 13:23:04 Jx3Handler.py[line:1567] INFO {'348763351': 'san_shan_si_hai'}
2019-03-27 13:23:04 Jx3Handler.py[line:1599] INFO No qiyu qq: 348763351 chance: 0.51037018081 > 0.01
2019-03-27 13:23:27 C:\Users\yuboz\Desktop\酷Q Air\app\com.github.zybwh.qq_chat_jx3_bot\CQHandler.py[line:87] INFO OnEvent_GroupMsg: subType=1, sendTime=6448, fromGroup=168299066, fromQQ=404801438, fromAnonymous=, msg=挖宝, font=75258480
2019-03-27 13:23:27 Jx3Handler.py[line:199] INFO wa_bao items: {'jin_ye_zi': {'max': 93, 'min': 57}, 'yin': {'max': 299, 'min': 283}, 'mo_shi': {'max': 125, 'min': 109}, 'ran': {'max': 109, 'min': 93}, 'hai_shi_shan_meng': {'max': 202, 'min': 201}, 'hong_tong': {'max': 238, 'min': 202}, 'jia_zhuan_shen_can': {'max': 247, 'min': 238}, 'zhen_cheng_zhi_xin': {'max': 129, 'min': 125}, 'rong_ding': {'max': 41, 'min': 25}, 'sui_rou': {'max': 201, 'min': 165}, 'gan_cao': {'max': 165, 'min': 129}, 'jin_zhuan': {'max': 25, 'min': 0}, 'cu_bu': {'max': 283, 'min': 247}, 'zhuan_shen_can': {'max': 57, 'min': 41}} rand index: 117.084788466
2019-03-27 13:23:28 Jx3Handler.py[line:1567] INFO {'404801438': 'san_shan_si_hai'}
2019-03-27 13:23:28 Jx3Handler.py[line:1599] INFO No qiyu qq: 404801438 chance: 0.432435579308 > 0.01
2019-03-27 13:23:45 C:\Users\yuboz\Desktop\酷Q Air\app\com.github.zybwh.qq_chat_jx3_bot\CQHandler.py[line:87] INFO OnEvent_GroupMsg: subType=1, sendTime=6450, fromGroup=168299066, fromQQ=258869946, fromAnonymous=, msg=挖宝, font=128512120
2019-03-27 13:23:45 Jx3Handler.py[line:199] INFO wa_bao items: {'jin_ye_zi': {'max': 45, 'min': 9}, 'jia_zhuan_shen_can': {'max': 9, 'min': 0}, 'mo_shi': {'max': 181, 'min': 165}, 'ran': {'max': 165, 'min': 149}, 'hai_shi_shan_meng': {'max': 182, 'min': 181}, 'hong_tong': {'max': 283, 'min': 247}, 'yin': {'max': 61, 'min': 45}, 'zhen_cheng_zhi_xin': {'max': 247, 'min': 243}, 'rong_ding': {'max': 299, 'min': 283}, 'sui_rou': {'max': 149, 'min': 113}, 'gan_cao': {'max': 97, 'min': 61}, 'jin_zhuan': {'max': 243, 'min': 218}, 'cu_bu': {'max': 218, 'min': 182}, 'zhuan_shen_can': {'max': 113, 'min': 97}} rand index: 298.50016807
2019-03-27 13:23:46 Jx3Handler.py[line:1567] INFO {'258869946': 'san_shan_si_hai'}
2019-03-27 13:23:46 Jx3Handler.py[line:1599] INFO No qiyu qq: 258869946 chance: 0.995377712158 > 0.01
2019-03-27 13:24:00 C:\Users\yuboz\Desktop\酷Q Air\app\com.github.zybwh.qq_chat_jx3_bot\CQHandler.py[line:87] INFO OnEvent_GroupMsg: subType=1, sendTime=6452, fromGroup=168299066, fromQQ=258869946, fromAnonymous=, msg=使用熔锭, font=7474200
2019-03-27 13:24:00 Jx3Handler.py[line:1567] INFO {'258869946': 'fu_yao_jiu_tian'}
2019-03-27 13:24:00 Jx3Handler.py[line:1599] INFO No qiyu qq: 258869946 chance: 0.223956741435 > 0.01
2019-03-27 13:24:04 C:\Users\yuboz\Desktop\酷Q Air\app\com.github.zybwh.qq_chat_jx3_bot\CQHandler.py[line:87] INFO OnEvent_GroupMsg: subType=1, sendTime=6454, fromGroup=168299066, fromQQ=289731534, fromAnonymous=, msg=挖宝, font=7474168
2019-03-27 13:24:04 Jx3Handler.py[line:199] INFO wa_bao items: {'jin_ye_zi': {'max': 178, 'min': 142}, 'yin': {'max': 246, 'min': 230}, 'mo_shi': {'max': 230, 'min': 214}, 'ran': {'max': 263, 'min': 247}, 'hai_shi_shan_meng': {'max': 247, 'min': 246}, 'hong_tong': {'max': 36, 'min': 0}, 'jia_zhuan_shen_can': {'max': 45, 'min': 36}, 'zhen_cheng_zhi_xin': {'max': 214, 'min': 210}, 'rong_ding': {'max': 210, 'min': 194}, 'sui_rou': {'max': 81, 'min': 45}, 'gan_cao': {'max': 299, 'min': 263}, 'jin_zhuan': {'max': 106, 'min': 81}, 'cu_bu': {'max': 142, 'min': 106}, 'zhuan_shen_can': {'max': 194, 'min': 178}} rand index: 165.621742864
2019-03-27 13:24:04 Jx3Handler.py[line:1567] INFO {'289731534': 'san_shan_si_hai'}
2019-03-27 13:24:04 Jx3Handler.py[line:1599] INFO No qiyu qq: 289731534 chance: 0.183945984115 > 0.01
2019-03-27 13:24:09 C:\Users\yuboz\Desktop\酷Q Air\app\com.github.zybwh.qq_chat_jx3_bot\CQHandler.py[line:87] INFO OnEvent_GroupMsg: subType=1, sendTime=6456, fromGroup=168299066, fromQQ=289731534, fromAnonymous=, msg=查看, font=7474296
2019-03-27 13:24:09 Jx3Handler.py[line:1567] INFO {'289731534': 'fu_yao_jiu_tian'}
2019-03-27 13:24:09 Jx3Handler.py[line:1599] INFO No qiyu qq: 289731534 chance: 0.0641930161452 > 0.01
2019-03-27 13:24:15 C:\Users\yuboz\Desktop\酷Q Air\app\com.github.zybwh.qq_chat_jx3_bot\CQHandler.py[line:87] INFO OnEvent_GroupMsg: subType=1, sendTime=6458, fromGroup=168299066, fromQQ=404801438, fromAnonymous=, msg=使用磨石, font=6901112
2019-03-27 13:24:16 Jx3Handler.py[line:1567] INFO {'404801438': 'fu_yao_jiu_tian'}
2019-03-27 13:24:16 Jx3Handler.py[line:1599] INFO No qiyu qq: 404801438 chance: 0.610389582349 > 0.01
2019-03-27 13:24:17 C:\Users\yuboz\Desktop\酷Q Air\app\com.github.zybwh.qq_chat_jx3_bot\CQHandler.py[line:87] INFO OnEvent_GroupMsg: subType=1, sendTime=6460, fromGroup=168299066, fromQQ=289731534, fromAnonymous=, msg=商店, font=6901624
2019-03-27 13:24:17 Jx3Handler.py[line:1567] INFO {'289731534': 'fu_yao_jiu_tian'}
2019-03-27 13:24:17 Jx3Handler.py[line:1599] INFO No qiyu qq: 289731534 chance: 0.808495760308 > 0.01
2019-03-27 13:24:19 C:\Users\yuboz\Desktop\酷Q Air\app\com.github.zybwh.qq_chat_jx3_bot\CQHandler.py[line:87] INFO OnEvent_GroupMsg: subType=1, sendTime=6462, fromGroup=168299066, fromQQ=404801438, fromAnonymous=, msg=查看, font=75525464
2019-03-27 13:24:19 Jx3Handler.py[line:1567] INFO {'404801438': 'fu_yao_jiu_tian'}
2019-03-27 13:24:19 Jx3Handler.py[line:1599] INFO No qiyu qq: 404801438 chance: 0.818715937951 > 0.01
2019-03-27 13:24:26 C:\Users\yuboz\Desktop\酷Q Air\app\com.github.zybwh.qq_chat_jx3_bot\CQHandler.py[line:87] INFO OnEvent_GroupMsg: subType=1, sendTime=6464, fromGroup=168299066, fromQQ=289731534, fromAnonymous=, msg=购买熔锭, font=6901112
2019-03-27 13:24:27 Jx3Handler.py[line:1567] INFO {'289731534': 'fu_yao_jiu_tian'}
2019-03-27 13:24:27 Jx3Handler.py[line:1599] INFO No qiyu qq: 289731534 chance: 0.270264403673 > 0.01
2019-03-27 13:24:30 C:\Users\yuboz\Desktop\酷Q Air\app\com.github.zybwh.qq_chat_jx3_bot\CQHandler.py[line:87] INFO OnEvent_GroupMsg: subType=1, sendTime=6466, fromGroup=168299066, fromQQ=289731534, fromAnonymous=, msg=使用熔锭, font=6901368
2019-03-27 13:24:31 Jx3Handler.py[line:1567] INFO {'289731534': 'fu_yao_jiu_tian'}
2019-03-27 13:24:31 Jx3Handler.py[line:1599] INFO No qiyu qq: 289731534 chance: 0.621220147003 > 0.01
2019-03-27 13:24:34 C:\Users\yuboz\Desktop\酷Q Air\app\com.github.zybwh.qq_chat_jx3_bot\CQHandler.py[line:87] INFO OnEvent_GroupMsg: subType=1, sendTime=6468, fromGroup=168299066, fromQQ=372397177, fromAnonymous=, msg=查看, font=6901528
2019-03-27 13:24:34 Jx3Handler.py[line:1567] INFO {'372397177': 'fu_yao_jiu_tian'}
2019-03-27 13:24:34 Jx3Handler.py[line:1599] INFO No qiyu qq: 372397177 chance: 0.979592819644 > 0.01
2019-03-27 13:24:38 C:\Users\yuboz\Desktop\酷Q Air\app\com.github.zybwh.qq_chat_jx3_bot\CQHandler.py[line:87] INFO OnEvent_GroupMsg: subType=1, sendTime=6470, fromGroup=168299066, fromQQ=289731534, fromAnonymous=, msg=背包, font=75525368
2019-03-27 13:24:38 Jx3Handler.py[line:1567] INFO {'289731534': 'fu_yao_jiu_tian'}
2019-03-27 13:24:38 Jx3Handler.py[line:1599] INFO No qiyu qq: 289731534 chance: 0.831479940737 > 0.01
2019-03-27 13:24:44 C:\Users\yuboz\Desktop\酷Q Air\app\com.github.zybwh.qq_chat_jx3_bot\CQHandler.py[line:87] INFO OnEvent_GroupMsg: subType=1, sendTime=6472, fromGroup=168299066, fromQQ=289731534, fromAnonymous=, msg=使用金叶子*2, font=75525240
2019-03-27 13:24:45 Jx3Handler.py[line:1567] INFO {'289731534': 'fu_yao_jiu_tian'}
2019-03-27 13:24:45 Jx3Handler.py[line:1599] INFO No qiyu qq: 289731534 chance: 0.664217150124 > 0.01
2019-03-27 13:24:49 C:\Users\yuboz\Desktop\酷Q Air\app\com.github.zybwh.qq_chat_jx3_bot\CQHandler.py[line:87] INFO OnEvent_GroupMsg: subType=1, sendTime=6474, fromGroup=168299066, fromQQ=372397177, fromAnonymous=, msg=购买转神餐*4, font=7473688
2019-03-27 13:24:49 Jx3Handler.py[line:1567] INFO {'372397177': 'fu_yao_jiu_tian'}
2019-03-27 13:24:49 Jx3Handler.py[line:1599] INFO No qiyu qq: 372397177 chance: 0.934905143333 > 0.01
2019-03-27 13:24:50 C:\Users\yuboz\Desktop\酷Q Air\app\com.github.zybwh.qq_chat_jx3_bot\CQHandler.py[line:87] INFO OnEvent_GroupMsg: subType=1, sendTime=6476, fromGroup=168299066, fromQQ=289731534, fromAnonymous=, msg=查看, font=7474200
2019-03-27 13:24:50 Jx3Handler.py[line:1567] INFO {'289731534': 'fu_yao_jiu_tian'}
2019-03-27 13:24:50 Jx3Handler.py[line:1599] INFO No qiyu qq: 289731534 chance: 0.224892866368 > 0.01
2019-03-27 13:24:58 C:\Users\yuboz\Desktop\酷Q Air\app\com.github.zybwh.qq_chat_jx3_bot\CQHandler.py[line:87] INFO OnEvent_GroupMsg: subType=1, sendTime=6478, fromGroup=168299066, fromQQ=372397177, fromAnonymous=, msg=使用转神餐*4, font=7474008
2019-03-27 13:24:58 Jx3Handler.py[line:1567] INFO {'372397177': 'fu_yao_jiu_tian'}
2019-03-27 13:24:58 Jx3Handler.py[line:1599] INFO No qiyu qq: 372397177 chance: 0.804831923867 > 0.01
2019-03-27 13:25:03 C:\Users\yuboz\Desktop\酷Q Air\app\com.github.zybwh.qq_chat_jx3_bot\CQHandler.py[line:87] INFO OnEvent_GroupMsg: subType=1, sendTime=6480, fromGroup=168299066, fromQQ=372397177, fromAnonymous=, msg=押镖, font=75525496
2019-03-27 13:25:03 Jx3Handler.py[line:1567] INFO {'372397177': 'hu_you_cang_sheng'}
2019-03-27 13:25:03 Jx3Handler.py[line:1599] INFO No qiyu qq: 372397177 chance: 0.340618909225 > 0.05
2019-03-27 13:25:04 C:\Users\yuboz\Desktop\酷Q Air\app\com.github.zybwh.qq_chat_jx3_bot\CQHandler.py[line:87] INFO OnEvent_GroupMsg: subType=1, sendTime=6482, fromGroup=168299066, fromQQ=289731534, fromAnonymous=, msg=[CQ:image,file=B67CF01C73511FB0BEAAEF195121B910.jpg], font=7405952
2019-03-27 13:25:04 Jx3Handler.py[line:1567] INFO {'289731534': 'luan_shi_wu_ji'}
2019-03-27 13:25:04 Jx3Handler.py[line:1599] INFO No qiyu qq: 289731534 chance: 0.220594303574 > 0.01
2019-03-27 13:25:07 C:\Users\yuboz\Desktop\酷Q Air\app\com.github.zybwh.qq_chat_jx3_bot\CQHandler.py[line:87] INFO OnEvent_GroupMsg: subType=1, sendTime=6483, fromGroup=168299066, fromQQ=289731534, fromAnonymous=, msg=体力贼多, font=7405312
2019-03-27 13:25:07 Jx3Handler.py[line:1567] INFO {'289731534': 'fu_yao_jiu_tian'}
2019-03-27 13:25:07 Jx3Handler.py[line:1599] INFO No qiyu qq: 289731534 chance: 0.490541242179 > 0.01
2019-03-27 13:25:07 C:\Users\yuboz\Desktop\酷Q Air\app\com.github.zybwh.qq_chat_jx3_bot\CQHandler.py[line:87] INFO OnEvent_GroupMsg: subType=1, sendTime=6484, fromGroup=168299066, fromQQ=372397177, fromAnonymous=, msg=押镖, font=7078184
2019-03-27 13:25:08 Jx3Handler.py[line:1567] INFO {'372397177': 'fu_yao_jiu_tian'}
2019-03-27 13:25:08 Jx3Handler.py[line:1599] INFO No qiyu qq: 372397177 chance: 0.954702944819 > 0.01
2019-03-27 13:25:12 C:\Users\yuboz\Desktop\酷Q Air\app\com.github.zybwh.qq_chat_jx3_bot\CQHandler.py[line:87] INFO OnEvent_GroupMsg: subType=1, sendTime=6486, fromGroup=168299066, fromQQ=372397177, fromAnonymous=, msg=我擦, font=75525400
2019-03-27 13:25:12 Jx3Handler.py[line:1567] INFO {'372397177': 'fu_yao_jiu_tian'}
2019-03-27 13:25:12 Jx3Handler.py[line:1599] INFO No qiyu qq: 372397177 chance: 0.221268387403 > 0.01
2019-03-27 13:25:19 C:\Users\yuboz\Desktop\酷Q Air\app\com.github.zybwh.qq_chat_jx3_bot\CQHandler.py[line:87] INFO OnEvent_GroupMsg: subType=1, sendTime=6487, fromGroup=168299066, fromQQ=372397177, fromAnonymous=, msg=购买磨石, font=7077960
2019-03-27 13:25:19 Jx3Handler.py[line:1567] INFO {'372397177': 'fu_yao_jiu_tian'}
2019-03-27 13:25:19 Jx3Handler.py[line:1599] INFO No qiyu qq: 372397177 chance: 0.149759993045 > 0.01
2019-03-27 13:25:25 C:\Users\yuboz\Desktop\酷Q Air\app\com.github.zybwh.qq_chat_jx3_bot\CQHandler.py[line:87] INFO OnEvent_GroupMsg: subType=1, sendTime=6489, fromGroup=168299066, fromQQ=372397177, fromAnonymous=, msg=使用磨石, font=6901720
2019-03-27 13:25:25 Jx3Handler.py[line:1567] INFO {'372397177': 'fu_yao_jiu_tian'}
2019-03-27 13:25:25 Jx3Handler.py[line:1599] INFO No qiyu qq: 372397177 chance: 0.230023930284 > 0.01
2019-03-27 13:25:30 C:\Users\yuboz\Desktop\酷Q Air\app\com.github.zybwh.qq_chat_jx3_bot\CQHandler.py[line:87] INFO OnEvent_GroupMsg: subType=1, sendTime=6491, fromGroup=168299066, fromQQ=372397177, fromAnonymous=, msg=查看, font=7473656
2019-03-27 13:25:30 Jx3Handler.py[line:1567] INFO {'372397177': 'fu_yao_jiu_tian'}
2019-03-27 13:25:30 Jx3Handler.py[line:1599] INFO No qiyu qq: 372397177 chance: 0.809297463489 > 0.01
